<?xml version="1.0" encoding="UTF-8"?>
<testng-results ignored="0" total="1" passed="1" failed="0" skipped="0">
  <reporter-output>
  </reporter-output>
  <suite started-at="2024-02-17T19:56:34 IST" name="Default suite" finished-at="2024-02-17T19:56:52 IST" duration-ms="18233">
    <groups>
    </groups>
    <test started-at="2024-02-17T19:56:34 IST" name="Default test" finished-at="2024-02-17T19:56:52 IST" duration-ms="18233">
      <class name="tests.ExtentReportExample">
        <test-method is-config="true" signature="repObj()[pri:0, instance:tests.ExtentReportExample@1b1426f4]" started-at="2024-02-17T19:56:34 IST" name="repObj" finished-at="2024-02-17T19:56:34 IST" duration-ms="352" status="PASS">
          <reporter-output>
          </reporter-output>
        </test-method> <!-- repObj -->
        <test-method signature="reportExample()[pri:0, instance:tests.ExtentReportExample@1b1426f4]" started-at="2024-02-17T19:56:35 IST" name="reportExample" finished-at="2024-02-17T19:56:52 IST" duration-ms="17853" status="PASS">
          <reporter-output>
          </reporter-output>
        </test-method> <!-- reportExample -->
      </class> <!-- tests.ExtentReportExample -->
    </test> <!-- Default test -->
  </suite> <!-- Default suite -->
</testng-results>
